#
# A fatal error has been detected by the Java Runtime Environment:
#
#  EXCEPTION_ACCESS_VIOLATION (0xc0000005) at pc=0x00007ff909f5aa43, pid=14616, tid=0x000000000000446c
#
# JRE version: Java(TM) SE Runtime Environment (8.0_112-b15) (build 1.8.0_112-b15)
# Java VM: Java HotSpot(TM) 64-Bit Server VM (25.112-b15 mixed mode windows-amd64 compressed oops)
# Problematic frame:
# C  [GoogleInputTools.ime+0x8aa43]
#
# Failed to write core dump. Minidumps are not enabled by default on client versions of Windows
#
# If you would like to submit a bug report, please visit:
#   http://bugreport.java.com/bugreport/crash.jsp
# The crash happened outside the Java Virtual Machine in native code.
# See problematic frame for where to report the bug.
#

---------------  T H R E A D  ---------------

Current thread (0x0000000016bd7800):  JavaThread "AWT-Windows" daemon [_thread_in_native, id=17516, stack(0x0000000017940000,0x0000000017a40000)]

siginfo: ExceptionCode=0xc0000005, reading address 0x0000000000000000

Registers:
RAX=0x0000000000000000, RBX=0x0000000000abc850, RCX=0x0000000000000000, RDX=0x00007ff9166b0000
RSP=0x0000000017a3ec80, RBP=0x0000000000000400, RSI=0x0000000000abc850, RDI=0x0000000000abc850
R8 =0x0000000000000000, R9 =0x0000000000000000, R10=0x0000000000000000, R11=0x0000000000000246
R12=0x0000000000000000, R13=0x0000000000000400, R14=0x0000000000000000, R15=0x0000000000000000
RIP=0x00007ff909f5aa43, EFLAGS=0x0000000000010246

Top of Stack: (sp=0x0000000017a3ec80)
0x0000000017a3ec80:   0000000000abc850 0000000000abc850
0x0000000017a3ec90:   0000000000abc850 fffffffffffffffe
0x0000000017a3eca0:   fffffffffffffffe 0000000000000000
0x0000000017a3ecb0:   0000000000000400 00007ff909f61f82
0x0000000017a3ecc0:   0000000000000038 0000000000000038
0x0000000017a3ecd0:   00000185bb81c01f 00007ff9166b0000
0x0000000017a3ece0:   0000000000acd390 00007ff909f5ab1c
0x0000000017a3ecf0:   0000000000ab8c88 fffffffffffffffe
0x0000000017a3ed00:   00000185bb81c0ef 0000000000ab8c88
0x0000000017a3ed10:   0000000000acd390 fffffffffffffffe
0x0000000017a3ed20:   00000185bb81c06f 00000185bb81c05f
0x0000000017a3ed30:   0000000000acd390 00007ff909f59b72
0x0000000017a3ed40:   0000000000ac2648 0000000000abcbf0
0x0000000017a3ed50:   0000000000ac2650 0000000000000000
0x0000000017a3ed60:   fffffffffffffffe fffffffffffffffe
0x0000000017a3ed70:   0000000000000000 0000000000abcbf8 

Instructions: (pc=0x00007ff909f5aa43)
0x00007ff909f5aa23:   03 00 c1 e8 16 a8 01 75 09 80 bb f4 01 00 00 00
0x00007ff909f5aa33:   74 0a 48 83 bb 58 01 00 00 00 75 1a 48 8b 4b 48
0x00007ff909f5aa43:   48 8b 01 48 8d 93 48 01 00 00 44 8b 83 70 01 00
0x00007ff909f5aa53:   00 ff 50 08 eb 50 48 c7 44 24 40 07 00 00 00 33 


Register to memory mapping:

RAX=0x0000000000000000 is an unknown value
RBX=0x0000000000abc850 is an unknown value
RCX=0x0000000000000000 is an unknown value
RDX=0x00007ff9166b0000 is an unknown value
RSP=0x0000000017a3ec80 is pointing into the stack for thread: 0x0000000016bd7800
RBP=0x0000000000000400 is an unknown value
RSI=0x0000000000abc850 is an unknown value
RDI=0x0000000000abc850 is an unknown value
R8 =0x0000000000000000 is an unknown value
R9 =0x0000000000000000 is an unknown value
R10=0x0000000000000000 is an unknown value
R11=0x0000000000000246 is an unknown value
R12=0x0000000000000000 is an unknown value
R13=0x0000000000000400 is an unknown value
R14=0x0000000000000000 is an unknown value
R15=0x0000000000000000 is an unknown value


Stack: [0x0000000017940000,0x0000000017a40000],  sp=0x0000000017a3ec80,  free space=1019k
Native frames: (J=compiled Java code, j=interpreted, Vv=VM code, C=native code)
C  [GoogleInputTools.ime+0x8aa43]
C  [GoogleInputTools.ime+0x8ab1c]
C  [GoogleInputTools.ime+0x89b72]
C  [GoogleInputTools.ime+0x94b4b]
C  [GoogleInputTools.ime+0x946d9]
C  [GoogleInputTools.ime+0x99858]
C  [USER32.dll+0x16d41]
C  [USER32.dll+0x16713]
C  [awt.dll+0xcc72c]
C  [awt.dll+0xcc9db]
C  0x00000000028b7f74

Java frames: (J=compiled Java code, j=interpreted, Vv=VM code)
j  sun.awt.windows.WToolkit.eventLoop()V+0
j  sun.awt.windows.WToolkit.run()V+58
j  java.lang.Thread.run()V+11
v  ~StubRoutines::call_stub

---------------  P R O C E S S  ---------------

Java Threads: ( => current thread )
  0x000000001697b000 JavaThread "Abandoned connection cleanup thread" daemon [_thread_blocked, id=5860, stack(0x000000001ab40000,0x000000001ac40000)]
  0x000000001707a800 JavaThread "TimerQueue" daemon [_thread_blocked, id=3848, stack(0x00000000184c0000,0x00000000185c0000)]
  0x000000000092d800 JavaThread "DestroyJavaVM" [_thread_blocked, id=3220, stack(0x00000000026a0000,0x00000000027a0000)]
  0x0000000016be9000 JavaThread "AWT-EventQueue-0" [_thread_blocked, id=12424, stack(0x0000000017fc0000,0x00000000180c0000)]
=>0x0000000016bd7800 JavaThread "AWT-Windows" daemon [_thread_in_native, id=17516, stack(0x0000000017940000,0x0000000017a40000)]
  0x0000000016bd5000 JavaThread "AWT-Shutdown" [_thread_blocked, id=14640, stack(0x0000000017840000,0x0000000017940000)]
  0x0000000016bd3000 JavaThread "Java2D Disposer" daemon [_thread_blocked, id=2164, stack(0x0000000017740000,0x0000000017840000)]
  0x0000000014f0d800 JavaThread "Service Thread" daemon [_thread_blocked, id=15048, stack(0x0000000016c00000,0x0000000016d00000)]
  0x0000000014ebe800 JavaThread "C1 CompilerThread2" daemon [_thread_blocked, id=11596, stack(0x0000000016700000,0x0000000016800000)]
  0x0000000014ebb000 JavaThread "C2 CompilerThread1" daemon [_thread_blocked, id=2364, stack(0x0000000016600000,0x0000000016700000)]
  0x0000000014eae000 JavaThread "C2 CompilerThread0" daemon [_thread_blocked, id=12152, stack(0x0000000016500000,0x0000000016600000)]
  0x0000000014ead000 JavaThread "Attach Listener" daemon [_thread_blocked, id=896, stack(0x0000000016400000,0x0000000016500000)]
  0x0000000014eab800 JavaThread "Signal Dispatcher" daemon [_thread_blocked, id=5888, stack(0x0000000016300000,0x0000000016400000)]
  0x000000000289c000 JavaThread "Finalizer" daemon [_thread_blocked, id=7528, stack(0x0000000016110000,0x0000000016210000)]
  0x0000000002893000 JavaThread "Reference Handler" daemon [_thread_blocked, id=12232, stack(0x0000000016010000,0x0000000016110000)]

Other Threads:
  0x0000000014e77800 VMThread [stack: 0x0000000015f10000,0x0000000016010000] [id=5396]
  0x0000000016874000 WatcherThread [stack: 0x0000000016d00000,0x0000000016e00000] [id=4652]

VM state:not at safepoint (normal execution)

VM Mutex/Monitor currently owned by a thread: None

Heap:
 PSYoungGen      total 18944K, used 9520K [0x00000000eb180000, 0x00000000ed280000, 0x0000000100000000)
  eden space 16384K, 52% used [0x00000000eb180000,0x00000000eb9e1d08,0x00000000ec180000)
  from space 2560K, 36% used [0x00000000ec180000,0x00000000ec26a4a0,0x00000000ec400000)
  to   space 2560K, 0% used [0x00000000ed000000,0x00000000ed000000,0x00000000ed280000)
 ParOldGen       total 64000K, used 14619K [0x00000000c1400000, 0x00000000c5280000, 0x00000000eb180000)
  object space 64000K, 22% used [0x00000000c1400000,0x00000000c2246e98,0x00000000c5280000)
 Metaspace       used 18246K, capacity 18454K, committed 18816K, reserved 1064960K
  class space    used 2313K, capacity 2421K, committed 2432K, reserved 1048576K

Card table byte_map: [0x0000000011c60000,0x0000000011e60000] byte_map_base: 0x0000000011656000

Marking Bits: (ParMarkBitMap*) 0x000000005303a6d0
 Begin Bits: [0x00000000123b0000, 0x0000000013360000)
 End Bits:   [0x0000000013360000, 0x0000000014310000)

Polling page: 0x0000000000910000

CodeCache: size=245760Kb used=6367Kb max_used=6380Kb free=239392Kb
 bounds [0x00000000028a0000, 0x0000000002ee0000, 0x00000000118a0000]
 total_blobs=2574 nmethods=1991 adapters=495
 compilation: enabled

Compilation events (10 events):
Event: 5494.898 Thread 0x0000000014ebb000 1987  s    4       sun.java2d.loops.GraphicsPrimitiveMgr::locatePrim (96 bytes)
Event: 5494.904 Thread 0x0000000014eae000 1988       4       sun.util.locale.BaseLocale::equals (71 bytes)
Event: 5494.906 Thread 0x0000000014eae000 nmethod 1988 0x0000000002edbd90 code [0x0000000002edbee0, 0x0000000002edbfb8]
Event: 5494.906 Thread 0x0000000014eae000 1989       4       java.util.Locale$LocaleKey::equals (80 bytes)
Event: 5494.908 Thread 0x0000000014eae000 nmethod 1989 0x0000000002eda3d0 code [0x0000000002eda520, 0x0000000002eda6b8]
Event: 5494.911 Thread 0x0000000014ebb000 nmethod 1987 0x0000000002ed90d0 code [0x0000000002ed9260, 0x0000000002ed9c58]
Event: 5495.000 Thread 0x0000000014eae000 1990       4       java.lang.ref.SoftReference::<init> (13 bytes)
Event: 5495.001 Thread 0x0000000014eae000 nmethod 1990 0x0000000002ede050 code [0x0000000002ede180, 0x0000000002ede238]
Event: 5495.410 Thread 0x0000000014ebb000 1991   !   4       sun.awt.AWTAutoShutdown::setToolkitBusy (124 bytes)
Event: 5495.414 Thread 0x0000000014ebb000 nmethod 1991 0x0000000002edef10 code [0x0000000002edf060, 0x0000000002edf678]

GC Heap History (8 events):
Event: 0.802 GC heap before
{Heap before GC invocations=1 (full 0):
 PSYoungGen      total 18944K, used 9812K [0x00000000eb180000, 0x00000000ec680000, 0x0000000100000000)
  eden space 16384K, 59% used [0x00000000eb180000,0x00000000ebb15128,0x00000000ec180000)
  from space 2560K, 0% used [0x00000000ec400000,0x00000000ec400000,0x00000000ec680000)
  to   space 2560K, 0% used [0x00000000ec180000,0x00000000ec180000,0x00000000ec400000)
 ParOldGen       total 44032K, used 0K [0x00000000c1400000, 0x00000000c3f00000, 0x00000000eb180000)
  object space 44032K, 0% used [0x00000000c1400000,0x00000000c1400000,0x00000000c3f00000)
 Metaspace       used 13782K, capacity 13964K, committed 14336K, reserved 1060864K
  class space    used 1900K, capacity 1970K, committed 2048K, reserved 1048576K
Event: 0.810 GC heap after
Heap after GC invocations=1 (full 0):
 PSYoungGen      total 18944K, used 2528K [0x00000000eb180000, 0x00000000ec680000, 0x0000000100000000)
  eden space 16384K, 0% used [0x00000000eb180000,0x00000000eb180000,0x00000000ec180000)
  from space 2560K, 98% used [0x00000000ec180000,0x00000000ec3f8020,0x00000000ec400000)
  to   space 2560K, 0% used [0x00000000ec400000,0x00000000ec400000,0x00000000ec680000)
 ParOldGen       total 44032K, used 4002K [0x00000000c1400000, 0x00000000c3f00000, 0x00000000eb180000)
  object space 44032K, 9% used [0x00000000c1400000,0x00000000c17e89e0,0x00000000c3f00000)
 Metaspace       used 13782K, capacity 13964K, committed 14336K, reserved 1060864K
  class space    used 1900K, capacity 1970K, committed 2048K, reserved 1048576K
}
Event: 0.855 GC heap before
{Heap before GC invocations=2 (full 0):
 PSYoungGen      total 18944K, used 18912K [0x00000000eb180000, 0x00000000ec680000, 0x0000000100000000)
  eden space 16384K, 100% used [0x00000000eb180000,0x00000000ec180000,0x00000000ec180000)
  from space 2560K, 98% used [0x00000000ec180000,0x00000000ec3f8020,0x00000000ec400000)
  to   space 2560K, 0% used [0x00000000ec400000,0x00000000ec400000,0x00000000ec680000)
 ParOldGen       total 44032K, used 4002K [0x00000000c1400000, 0x00000000c3f00000, 0x00000000eb180000)
  object space 44032K, 9% used [0x00000000c1400000,0x00000000c17e89e0,0x00000000c3f00000)
 Metaspace       used 13795K, capacity 13964K, committed 14336K, reserved 1060864K
  class space    used 1900K, capacity 1970K, committed 2048K, reserved 1048576K
Event: 0.869 GC heap after
Heap after GC invocations=2 (full 0):
 PSYoungGen      total 18944K, used 2560K [0x00000000eb180000, 0x00000000ed680000, 0x0000000100000000)
  eden space 16384K, 0% used [0x00000000eb180000,0x00000000eb180000,0x00000000ec180000)
  from space 2560K, 100% used [0x00000000ec400000,0x00000000ec680000,0x00000000ec680000)
  to   space 2560K, 0% used [0x00000000ec180000,0x00000000ec180000,0x00000000ec400000)
 ParOldGen       total 44032K, used 28334K [0x00000000c1400000, 0x00000000c3f00000, 0x00000000eb180000)
  object space 44032K, 64% used [0x00000000c1400000,0x00000000c2faba10,0x00000000c3f00000)
 Metaspace       used 13795K, capacity 13964K, committed 14336K, reserved 1060864K
  class space    used 1900K, capacity 1970K, committed 2048K, reserved 1048576K
}
Event: 0.869 GC heap before
{Heap before GC invocations=3 (full 1):
 PSYoungGen      total 18944K, used 2560K [0x00000000eb180000, 0x00000000ed680000, 0x0000000100000000)
  eden space 16384K, 0% used [0x00000000eb180000,0x00000000eb180000,0x00000000ec180000)
  from space 2560K, 100% used [0x00000000ec400000,0x00000000ec680000,0x00000000ec680000)
  to   space 2560K, 0% used [0x00000000ec180000,0x00000000ec180000,0x00000000ec400000)
 ParOldGen       total 44032K, used 28334K [0x00000000c1400000, 0x00000000c3f00000, 0x00000000eb180000)
  object space 44032K, 64% used [0x00000000c1400000,0x00000000c2faba10,0x00000000c3f00000)
 Metaspace       used 13795K, capacity 13964K, committed 14336K, reserved 1060864K
  class space    used 1900K, capacity 1970K, committed 2048K, reserved 1048576K
Event: 0.895 GC heap after
Heap after GC invocations=3 (full 1):
 PSYoungGen      total 18944K, used 0K [0x00000000eb180000, 0x00000000ed680000, 0x0000000100000000)
  eden space 16384K, 0% used [0x00000000eb180000,0x00000000eb180000,0x00000000ec180000)
  from space 2560K, 0% used [0x00000000ec400000,0x00000000ec400000,0x00000000ec680000)
  to   space 2560K, 0% used [0x00000000ec180000,0x00000000ec180000,0x00000000ec400000)
 ParOldGen       total 64000K, used 14619K [0x00000000c1400000, 0x00000000c5280000, 0x00000000eb180000)
  object space 64000K, 22% used [0x00000000c1400000,0x00000000c2246e98,0x00000000c5280000)
 Metaspace       used 13795K, capacity 13964K, committed 14336K, reserved 1060864K
  class space    used 1900K, capacity 1970K, committed 2048K, reserved 1048576K
}
Event: 15.951 GC heap before
{Heap before GC invocations=4 (full 1):
 PSYoungGen      total 18944K, used 16384K [0x00000000eb180000, 0x00000000ed680000, 0x0000000100000000)
  eden space 16384K, 100% used [0x00000000eb180000,0x00000000ec180000,0x00000000ec180000)
  from space 2560K, 0% used [0x00000000ec400000,0x00000000ec400000,0x00000000ec680000)
  to   space 2560K, 0% used [0x00000000ec180000,0x00000000ec180000,0x00000000ec400000)
 ParOldGen       total 64000K, used 14619K [0x00000000c1400000, 0x00000000c5280000, 0x00000000eb180000)
  object space 64000K, 22% used [0x00000000c1400000,0x00000000c2246e98,0x00000000c5280000)
 Metaspace       used 15429K, capacity 15632K, committed 16000K, reserved 1062912K
  class space    used 2027K, capacity 2098K, committed 2176K, reserved 1048576K
Event: 15.955 GC heap after
Heap after GC invocations=4 (full 1):
 PSYoungGen      total 18944K, used 937K [0x00000000eb180000, 0x00000000ed280000, 0x0000000100000000)
  eden space 16384K, 0% used [0x00000000eb180000,0x00000000eb180000,0x00000000ec180000)
  from space 2560K, 36% used [0x00000000ec180000,0x00000000ec26a4a0,0x00000000ec400000)
  to   space 2560K, 0% used [0x00000000ed000000,0x00000000ed000000,0x00000000ed280000)
 ParOldGen       total 64000K, used 14619K [0x00000000c1400000, 0x00000000c5280000, 0x00000000eb180000)
  object space 64000K, 22% used [0x00000000c1400000,0x00000000c2246e98,0x00000000c5280000)
 Metaspace       used 15429K, capacity 15632K, committed 16000K, reserved 1062912K
  class space    used 2027K, capacity 2098K, committed 2176K, reserved 1048576K
}

Deoptimization events (10 events):
Event: 0.631 Thread 0x0000000016bd7800 Uncommon trap: reason=unstable_if action=reinterpret pc=0x0000000002a97d1c method=java.util.HashMap.putVal(ILjava/lang/Object;Ljava/lang/Object;ZZ)Ljava/lang/Object; @ 206
Event: 0.631 Thread 0x0000000016bd7800 Uncommon trap: reason=unstable_if action=reinterpret pc=0x0000000002a94980 method=java.util.HashMap.putVal(ILjava/lang/Object;Ljava/lang/Object;ZZ)Ljava/lang/Object; @ 206
Event: 0.756 Thread 0x0000000016be9000 Uncommon trap: reason=class_check action=maybe_recompile pc=0x0000000002a0c99c method=java.lang.String.equals(Ljava/lang/Object;)Z @ 8
Event: 0.759 Thread 0x0000000016be9000 Uncommon trap: reason=class_check action=maybe_recompile pc=0x0000000002a0c99c method=java.lang.String.equals(Ljava/lang/Object;)Z @ 8
Event: 0.916 Thread 0x0000000016be9000 Uncommon trap: reason=unstable_if action=reinterpret pc=0x0000000002b80a44 method=java.awt.MultipleGradientPaintContext.indexIntoGradientsArrays(F)I @ 93
Event: 0.918 Thread 0x0000000016be9000 Uncommon trap: reason=class_check action=maybe_recompile pc=0x0000000002a0c99c method=java.lang.String.equals(Ljava/lang/Object;)Z @ 8
Event: 0.918 Thread 0x0000000016be9000 Uncommon trap: reason=class_check action=maybe_recompile pc=0x0000000002a0c99c method=java.lang.String.equals(Ljava/lang/Object;)Z @ 8
Event: 0.932 Thread 0x0000000016be9000 Uncommon trap: reason=unstable_if action=reinterpret pc=0x0000000002af5114 method=javax.swing.plaf.nimbus.DerivedColor.equals(Ljava/lang/Object;)Z @ 45
Event: 16.120 Thread 0x0000000016be9000 Uncommon trap: reason=unstable_if action=reinterpret pc=0x0000000002b088b4 method=java.lang.String.indexOf([CII[CIII)I @ 3
Event: 5494.968 Thread 0x0000000016bd7800 Uncommon trap: reason=unstable_if action=reinterpret pc=0x0000000002e0fd80 method=java.lang.CharacterData.of(I)Ljava/lang/CharacterData; @ 4

Internal exceptions (10 events):
Event: 0.341 Thread 0x000000000092d800 Exception <a 'java/lang/ClassNotFoundException': ToolBar> (0x00000000eb5013d0) thrown at [C:\re\workspace\8-2-build-windows-amd64-cygwin\jdk8u112\7884\hotspot\src\share\vm\classfile\systemDictionary.cpp, line 210]
Event: 0.341 Thread 0x000000000092d800 Exception <a 'java/lang/ClassNotFoundException': ToggleButton> (0x00000000eb501980) thrown at [C:\re\workspace\8-2-build-windows-amd64-cygwin\jdk8u112\7884\hotspot\src\share\vm\classfile\systemDictionary.cpp, line 210]
Event: 0.341 Thread 0x000000000092d800 Exception <a 'java/lang/ClassNotFoundException': javax/swing/JToolBarSeparator> (0x00000000eb501de0) thrown at [C:\re\workspace\8-2-build-windows-amd64-cygwin\jdk8u112\7884\hotspot\src\share\vm\classfile\systemDictionary.cpp, line 210]
Event: 0.341 Thread 0x000000000092d800 Exception <a 'java/lang/ClassNotFoundException': ToolBarSeparator> (0x00000000eb502278) thrown at [C:\re\workspace\8-2-build-windows-amd64-cygwin\jdk8u112\7884\hotspot\src\share\vm\classfile\systemDictionary.cpp, line 210]
Event: 0.342 Thread 0x000000000092d800 Exception <a 'java/lang/ClassNotFoundException': ToolTip> (0x00000000eb5029b8) thrown at [C:\re\workspace\8-2-build-windows-amd64-cygwin\jdk8u112\7884\hotspot\src\share\vm\classfile\systemDictionary.cpp, line 210]
Event: 0.343 Thread 0x000000000092d800 Exception <a 'java/lang/ClassNotFoundException': Tree> (0x00000000eb5035d8) thrown at [C:\re\workspace\8-2-build-windows-amd64-cygwin\jdk8u112\7884\hotspot\src\share\vm\classfile\systemDictionary.cpp, line 210]
Event: 0.343 Thread 0x000000000092d800 Exception <a 'java/lang/ClassNotFoundException': Tree> (0x00000000eb503d18) thrown at [C:\re\workspace\8-2-build-windows-amd64-cygwin\jdk8u112\7884\hotspot\src\share\vm\classfile\systemDictionary.cpp, line 210]
Event: 0.343 Thread 0x000000000092d800 Exception <a 'java/lang/ClassNotFoundException': javax/swing/JTreeCell> (0x00000000eb504098) thrown at [C:\re\workspace\8-2-build-windows-amd64-cygwin\jdk8u112\7884\hotspot\src\share\vm\classfile\systemDictionary.cpp, line 210]
Event: 0.343 Thread 0x000000000092d800 Exception <a 'java/lang/ClassNotFoundException': TreeCell> (0x00000000eb504520) thrown at [C:\re\workspace\8-2-build-windows-amd64-cygwin\jdk8u112\7884\hotspot\src\share\vm\classfile\systemDictionary.cpp, line 210]
Event: 0.343 Thread 0x000000000092d800 Exception <a 'java/lang/ClassNotFoundException': RootPane> (0x00000000eb504f80) thrown at [C:\re\workspace\8-2-build-windows-amd64-cygwin\jdk8u112\7884\hotspot\src\share\vm\classfile\systemDictionary.cpp, line 210]

Events (10 events):
Event: 1975.874 Executing VM operation: BulkRevokeBias done
Event: 5494.898 Thread 0x0000000016be9000 DEOPT PACKING pc=0x0000000002b9c8be sp=0x00000000180bba00
Event: 5494.898 Thread 0x0000000016be9000 DEOPT UNPACKING pc=0x00000000028e787f sp=0x00000000180bb768 mode 0
Event: 5494.968 Thread 0x0000000016bd7800 Uncommon trap: trap_request=0xffffff65 fr.pc=0x0000000002e0fd80
Event: 5494.968 Thread 0x0000000016bd7800 DEOPT PACKING pc=0x0000000002e0fd80 sp=0x0000000017a3d450
Event: 5494.968 Thread 0x0000000016bd7800 DEOPT UNPACKING pc=0x00000000028e582a sp=0x0000000017a3d3f0 mode 2
Event: 5494.968 loading class java/lang/CharacterData00
Event: 5494.990 loading class java/lang/CharacterData00 done
Event: 5494.990 Executing VM operation: Deoptimize
Event: 5494.996 Executing VM operation: Deoptimize done


Dynamic libraries:
0x00007ff6cc6a0000 - 0x00007ff6cc6d7000 	C:\Program Files\Java\jdk1.8.0_112\bin\java.exe
0x00007ff9171d0000 - 0x00007ff9173b1000 	C:\WINDOWS\SYSTEM32\ntdll.dll
0x00007ff9169c0000 - 0x00007ff916a71000 	C:\WINDOWS\System32\KERNEL32.DLL
0x00007ff913990000 - 0x00007ff913c03000 	C:\WINDOWS\System32\KERNELBASE.dll
0x00007ff914ad0000 - 0x00007ff914b71000 	C:\WINDOWS\System32\ADVAPI32.dll
0x00007ff914900000 - 0x00007ff91499e000 	C:\WINDOWS\System32\msvcrt.dll
0x00007ff9164f0000 - 0x00007ff91654b000 	C:\WINDOWS\System32\sechost.dll
0x00007ff9149a0000 - 0x00007ff914ac4000 	C:\WINDOWS\System32\RPCRT4.dll
0x00007ff9166b0000 - 0x00007ff916840000 	C:\WINDOWS\System32\USER32.dll
0x00007ff913ce0000 - 0x00007ff913d00000 	C:\WINDOWS\System32\win32u.dll
0x00007ff914720000 - 0x00007ff914748000 	C:\WINDOWS\System32\GDI32.dll
0x00007ff913790000 - 0x00007ff913922000 	C:\WINDOWS\System32\gdi32full.dll
0x00007ff913e00000 - 0x00007ff913e9f000 	C:\WINDOWS\System32\msvcp_win.dll
0x00007ff913d00000 - 0x00007ff913df8000 	C:\WINDOWS\System32\ucrtbase.dll
0x00007ff904940000 - 0x00007ff904ba9000 	C:\WINDOWS\WinSxS\amd64_microsoft.windows.common-controls_6595b64144ccf1df_6.0.17134.706_none_fb43a2cb30647007\COMCTL32.dll
0x00007ff9161c0000 - 0x00007ff9164e2000 	C:\WINDOWS\System32\combase.dll
0x00007ff913c60000 - 0x00007ff913cda000 	C:\WINDOWS\System32\bcryptPrimitives.dll
0x00007ff917150000 - 0x00007ff91717d000 	C:\WINDOWS\System32\IMM32.DLL
0x0000000053970000 - 0x0000000053a42000 	C:\Program Files\Java\jdk1.8.0_112\jre\bin\msvcr100.dll
0x0000000052820000 - 0x00000000530ba000 	C:\Program Files\Java\jdk1.8.0_112\jre\bin\server\jvm.dll
0x00007ff917140000 - 0x00007ff917148000 	C:\WINDOWS\System32\PSAPI.DLL
0x00007ff906980000 - 0x00007ff90698a000 	C:\WINDOWS\SYSTEM32\VERSION.dll
0x00007ff9012b0000 - 0x00007ff9012b9000 	C:\WINDOWS\SYSTEM32\WSOCK32.dll
0x00007ff9102d0000 - 0x00007ff9102f3000 	C:\WINDOWS\SYSTEM32\WINMM.dll
0x00007ff9147c0000 - 0x00007ff91482c000 	C:\WINDOWS\System32\WS2_32.dll
0x00007ff9102a0000 - 0x00007ff9102ca000 	C:\WINDOWS\SYSTEM32\winmmbase.dll
0x00007ff913c10000 - 0x00007ff913c59000 	C:\WINDOWS\System32\cfgmgr32.dll
0x0000000053c90000 - 0x0000000053c9f000 	C:\Program Files\Java\jdk1.8.0_112\jre\bin\verify.dll
0x0000000053940000 - 0x0000000053969000 	C:\Program Files\Java\jdk1.8.0_112\jre\bin\java.dll
0x0000000053c70000 - 0x0000000053c86000 	C:\Program Files\Java\jdk1.8.0_112\jre\bin\zip.dll
0x00007ff914d20000 - 0x00007ff916160000 	C:\WINDOWS\System32\SHELL32.dll
0x00007ff914660000 - 0x00007ff914709000 	C:\WINDOWS\System32\shcore.dll
0x00007ff913ea0000 - 0x00007ff9145ad000 	C:\WINDOWS\System32\windows.storage.dll
0x00007ff916a80000 - 0x00007ff916ad1000 	C:\WINDOWS\System32\shlwapi.dll
0x00007ff913500000 - 0x00007ff913511000 	C:\WINDOWS\System32\kernel.appcore.dll
0x00007ff9134e0000 - 0x00007ff9134ff000 	C:\WINDOWS\System32\profapi.dll
0x00007ff913550000 - 0x00007ff91359c000 	C:\WINDOWS\System32\powrprof.dll
0x00007ff913520000 - 0x00007ff91352a000 	C:\WINDOWS\System32\FLTLIB.DLL
0x0000000052680000 - 0x0000000052818000 	C:\Program Files\Java\jdk1.8.0_112\jre\bin\awt.dll
0x00007ff914830000 - 0x00007ff9148f2000 	C:\WINDOWS\System32\OLEAUT32.dll
0x00007ff9103c0000 - 0x00007ff91044b000 	C:\WINDOWS\SYSTEM32\apphelp.dll
0x00007ff911200000 - 0x00007ff911298000 	C:\WINDOWS\system32\uxtheme.dll
0x00007ff916840000 - 0x00007ff9169b3000 	C:\WINDOWS\System32\MSCTF.dll
0x00007ff9117b0000 - 0x00007ff9117d9000 	C:\WINDOWS\system32\dwmapi.dll
0x00007ff916550000 - 0x00007ff9166a1000 	C:\WINDOWS\System32\ole32.dll
0x00000000538b0000 - 0x00000000538f7000 	C:\Program Files\Java\jdk1.8.0_112\jre\bin\fontmanager.dll
0x00007ff903b00000 - 0x00007ff903c20000 	C:\WINDOWS\system32\opengl32.dll
0x00007ff90ba70000 - 0x00007ff90ba9c000 	C:\WINDOWS\SYSTEM32\GLU32.dll
0x0000000053920000 - 0x000000005393a000 	C:\Program Files\Java\jdk1.8.0_112\jre\bin\net.dll
0x00007ff912d00000 - 0x00007ff912d66000 	C:\WINDOWS\system32\mswsock.dll
0x0000000053900000 - 0x0000000053911000 	C:\Program Files\Java\jdk1.8.0_112\jre\bin\nio.dll
0x0000000053860000 - 0x00000000538a2000 	C:\Program Files\Java\jdk1.8.0_112\jre\bin\t2k.dll
0x00007ff916fb0000 - 0x00007ff917050000 	C:\WINDOWS\System32\clbcatq.dll
0x00007ff90d3e0000 - 0x00007ff90d58e000 	C:\WINDOWS\SYSTEM32\WindowsCodecs.dll
0x00007ff8fae00000 - 0x00007ff8fae58000 	C:\WINDOWS\system32\dataexchange.dll
0x00007ff90fa10000 - 0x00007ff90fbac000 	C:\WINDOWS\system32\dcomp.dll
0x00007ff90f130000 - 0x00007ff90f43b000 	C:\WINDOWS\system32\d3d11.dll
0x00007ff9122a0000 - 0x00007ff91235b000 	C:\WINDOWS\system32\dxgi.dll
0x00007ff911940000 - 0x00007ff911af8000 	C:\WINDOWS\system32\twinapi.appcore.dll
0x00007ff911b00000 - 0x00007ff911b29000 	C:\WINDOWS\system32\RMCLIENT.dll
0x00007ff903950000 - 0x00007ff9039e6000 	C:\WINDOWS\System32\TextInputFramework.dll
0x00007ff90cee0000 - 0x00007ff90d1fe000 	C:\WINDOWS\System32\CoreUIComponents.dll
0x00007ff90fbb0000 - 0x00007ff90fc8a000 	C:\WINDOWS\System32\CoreMessaging.dll
0x00007ff9125d0000 - 0x00007ff912601000 	C:\WINDOWS\SYSTEM32\ntmarta.dll
0x00007ff910940000 - 0x00007ff910a8d000 	C:\WINDOWS\SYSTEM32\wintypes.dll
0x0000000053480000 - 0x00000000534b1000 	C:\Program Files\Java\jdk1.8.0_112\jre\bin\jpeg.dll
0x0000000053820000 - 0x000000005384a000 	C:\Program Files\Java\jdk1.8.0_112\jre\bin\dcpr.dll
0x00007ff912ac0000 - 0x00007ff912b7e000 	C:\WINDOWS\SYSTEM32\DNSAPI.dll
0x00007ff9147b0000 - 0x00007ff9147b8000 	C:\WINDOWS\System32\NSI.dll
0x00007ff912a80000 - 0x00007ff912ab8000 	C:\WINDOWS\SYSTEM32\IPHLPAPI.DLL
0x00007ff902620000 - 0x00007ff90262a000 	C:\Windows\System32\rasadhlp.dll
0x00007ff904770000 - 0x00007ff9047e2000 	C:\WINDOWS\System32\fwpuclnt.dll
0x00007ff912fe0000 - 0x00007ff913005000 	C:\WINDOWS\SYSTEM32\bcrypt.dll
0x00007ff909ed0000 - 0x00007ff909fe9000 	C:\WINDOWS\system32\GoogleInputTools.ime
0x00007ff911ee0000 - 0x00007ff9120a9000 	C:\WINDOWS\system32\dbghelp.dll
0x00007ff8da420000 - 0x00007ff8da5bb000 	C:\WINDOWS\WinSxS\amd64_microsoft.windows.gdiplus_6595b64144ccf1df_1.1.17134.706_none_2c2e95b08af6e9d5\gdiplus.dll
0x00007ff90ecc0000 - 0x00007ff90ecc7000 	C:\WINDOWS\system32\MSIMG32.dll
0x00007ff9068e0000 - 0x00007ff906909000 	C:\WINDOWS\system32\dbgcore.DLL

VM Arguments:
jvm_args: -Dfile.encoding=UTF-8 
java_command: View.MemberManage
java_class_path (initial): C:\Users\Max point galgamuwa\Desktop\jar\jcalendar-1.3.2.jar;C:\Program Files\NetBeans 8.2\ide\modules\ext\mysql-connector-java-5.1.23-bin.jar;E:\Self studies\New Folder\testing\build\classes
Launcher Type: SUN_STANDARD

Environment Variables:
PATH=C:\ProgramData\Oracle\Java\javapath;C:\WINDOWS\system32;C:\WINDOWS;C:\WINDOWS\System32\Wbem;C:\WINDOWS\System32\WindowsPowerShell\v1.0\;C:\WINDOWS\System32\OpenSSH\;C:\Program Files\Java\jdk1.8.0_112\bin;C:\Program Files\MySQL\MySQL Utilities 1.6\;C:\Users\Max point galgamuwa\AppData\Local\Microsoft\WindowsApps;;E:\Microsoft VS Code\bin
USERNAME=Max point galgamuwa
OS=Windows_NT
PROCESSOR_IDENTIFIER=Intel64 Family 6 Model 142 Stepping 9, GenuineIntel



---------------  S Y S T E M  ---------------

OS: Windows 10.0 , 64 bit Build 17134 (10.0.17134.706)

CPU:total 4 (2 cores per cpu, 2 threads per core) family 6 model 142 stepping 9, cmov, cx8, fxsr, mmx, sse, sse2, sse3, ssse3, sse4.1, sse4.2, popcnt, avx, avx2, aes, clmul, erms, 3dnowpref, lzcnt, ht, tsc, tscinvbit, bmi1, bmi2, adx

Memory: 4k page, physical 4109224k(875420k free), swap 12299848k(5405152k free)

vm_info: Java HotSpot(TM) 64-Bit Server VM (25.112-b15) for windows-amd64 JRE (1.8.0_112-b15), built on Sep 22 2016 21:31:56 by "java_re" with MS VC++ 10.0 (VS2010)

time: Wed May 01 22:54:37 2019
elapsed time: 5496 seconds (0d 1h 31m 36s)

